<?xml version="1.0" encoding="UTF-8"?>
<Site BuildName="Linux-clang++-10"
	BuildStamp="20200719-1422-Experimental"
	Name="dron"
	Generator="ctest-3.16.3"
	CompilerName="/bin/clang++-10"
	CompilerVersion="10.0.0"
	OSName="Linux"
	Hostname="dron"
	OSRelease="5.4.0-40-generic"
	OSVersion="#44-Ubuntu SMP Tue Jun 23 00:01:04 UTC 2020"
	OSPlatform="x86_64"
	Is64Bits="1"
	VendorString="GenuineIntel"
	VendorID="Intel Corporation"
	FamilyID="6"
	ModelID="158"
	ProcessorCacheSize="9216"
	NumberOfLogicalCPU="6"
	NumberOfPhysicalCPU="6"
	TotalVirtualMemory="2047"
	TotalPhysicalMemory="15953"
	LogicalProcessorsPerPhysical="1"
	ProcessorClockFrequency="3700.89"
	>
	<Testing>
		<StartDateTime>Jul 19 17:22 MSK</StartDateTime>
		<StartTestTime>1595168520</StartTestTime>
		<TestList/>
		<EndDateTime>Jul 19 17:22 MSK</EndDateTime>
		<EndTestTime>1595168520</EndTestTime>
		<ElapsedMinutes>0</ElapsedMinutes>
	</Testing>
</Site>
